[2022-06-03 13:49:49] mrx-link.MRXLinkWebSocketHandler._accept_connection() DEBUG: WebSocket opened
[2022-06-03 13:49:51] mrx-link.MRXLinkWebSocketHandler._run_callback() DEBUG: kernel_id was set to 09b59d86-2bab-41f1-94b5-846873a97f7f
[2022-06-03 13:49:51] mrx-link.MRXLinkWebSocketHandler._run_callback() DEBUG: kernel:info proccessed.
[2022-06-03 13:50:01] mrx-link.MRXLinkWebSocketHandler._run_callback() DEBUG: kernel_id was set to 09b59d86-2bab-41f1-94b5-846873a97f7f
[2022-06-03 13:50:01] mrx-link.MRXLinkWebSocketHandler._run_callback() DEBUG: kernel:info proccessed.
[2022-06-03 13:50:05] mrx-link.MRXLinkWebSocketHandler._run_callback() DEBUG: kernel_id was set to 09b59d86-2bab-41f1-94b5-846873a97f7f
[2022-06-03 13:50:05] mrx-link.MRXLinkWebSocketHandler._run_callback() DEBUG: kernel:info proccessed.
[2022-06-03 13:55:34] mrx-link.MRXLinkWebSocketHandler._run_callback() DEBUG: kernel_id was set to 09b59d86-2bab-41f1-94b5-846873a97f7f
[2022-06-03 13:55:34] mrx-link.MRXLinkWebSocketHandler._run_callback() DEBUG: kernel:info proccessed.
[2022-06-03 13:55:40] mrx-link.MRXLinkWebSocketHandler._run_callback() DEBUG: kernel_id was set to 09b59d86-2bab-41f1-94b5-846873a97f7f
[2022-06-03 13:55:40] mrx-link.MRXLinkWebSocketHandler._run_callback() DEBUG: kernel:info proccessed.
[2022-06-03 13:55:42] mrx-link.MRXLinkWebSocketHandler._run_callback() DEBUG: kernel_id was set to 09b59d86-2bab-41f1-94b5-846873a97f7f
[2022-06-03 13:55:42] mrx-link.MRXLinkWebSocketHandler._run_callback() DEBUG: kernel:info proccessed.
[2022-06-03 13:55:44] mrx-link.MRXLinkWebSocketHandler._run_callback() DEBUG: kernel_id was set to 09b59d86-2bab-41f1-94b5-846873a97f7f
[2022-06-03 13:55:44] mrx-link.MRXLinkWebSocketHandler._run_callback() DEBUG: kernel:info proccessed.
[2022-06-03 14:01:02] mrx-link.MRXLinkWebSocketHandler._run_callback() DEBUG: kernel_id was set to 09b59d86-2bab-41f1-94b5-846873a97f7f
[2022-06-03 14:01:02] mrx-link.MRXLinkWebSocketHandler._run_callback() DEBUG: kernel:info proccessed.
[2022-06-03 14:12:44] mrx-link.MRXLinkWebSocketHandler.on_connection_close() DEBUG: WebSocket on kernel id 09b59d86-2bab-41f1-94b5-846873a97f7f closed
[2022-06-03 14:12:47] mrx-link.MRXLinkWebSocketHandler._accept_connection() DEBUG: WebSocket opened
[2022-06-03 14:12:47] mrx-link.MRXLinkWebSocketHandler._run_callback() DEBUG: kernel_id was set to 09b59d86-2bab-41f1-94b5-846873a97f7f
[2022-06-03 14:12:47] mrx-link.MRXLinkWebSocketHandler._run_callback() DEBUG: kernel:info proccessed.
[2022-06-03 14:37:19] mrx-link.MRXLinkWebSocketHandler._run_callback() DEBUG: kernel_id was set to 09b59d86-2bab-41f1-94b5-846873a97f7f
[2022-06-03 14:37:19] mrx-link.MRXLinkWebSocketHandler._run_callback() DEBUG: kernel:info proccessed.
[2022-06-03 14:47:14] mrx-link.MRXLinkWebSocketHandler.on_connection_close() DEBUG: WebSocket on kernel id 09b59d86-2bab-41f1-94b5-846873a97f7f closed
[2022-06-03 14:47:15] mrx-link.MRXLinkWebSocketHandler._accept_connection() DEBUG: WebSocket opened
[2022-06-03 14:59:59] mrx-link.MRXLinkWebSocketHandler.on_connection_close() DEBUG: WebSocket on kernel id  closed
